:103100005542200135D0085A824504113140003122
:103110003F4000000F9308249242041120012F83A6
:103120009F4FC8360011F8233F4004000F93072437
:103130009242041120011F83CF430011F92304415F
:103140002453B0127831B012E83432D0180032D0A3
:10315000F000FD3F3040A036041204412453218387
:103160008443FCFF023C9453FCFFB4901027FCFF07
:10317000FA3B215334413041041204412453B240FC
:10318000805A20015F4232007FD07000C24F32006F
:10319000F2407000310034413041041204412453A4
:1031A0002183844FFCFF9493FCFF06205F42310093
:1031B0007FF0EFFFC24F3100B4900300FCFF062008
:1031C0005F4231007FF0DFFFC24F3100A493FCFF6C
:1031D00006205F4231007FF0BFFFC24F3100A49252
:1031E000FCFF06205F4221007FF0BFFFC24F21009D
:1031F0002153344130410412044124532183844F2C
:10320000FCFF9493FCFF06205F4231007FD010004A
:10321000C24F3100B4900300FCFF06205F42310032
:103220007FD02000C24F3100A493FCFF06205F42F4
:1032300031007FD04000C24F3100A492FCFF062035
:103240005F4221007FD04000C24F21002153344112
:1032500030410412044124532182844FFCFF9444E2
:10326000FCFFFAFF1F44FAFFB0129A31B012583136
:103270001F44FAFFB012F631B012583121523441D6
:10328000304104120441245321828443FAFF0E4446
:103290002E520F442F828F4E0000773C1F440200B5
:1032A0001F54FAFF6F4F7F90250055209453FAFF6B
:1032B0001F4402001F54FAFF6F4F4F936E241F44A8
:1032C00002001F54FAFF6F4F4F4F3F509DFF3F903A
:1032D0001300392C5F023F50A2362F4F004F1F447E
:1032E000FCFF0E4F2E53844EFCFF2F4FB012B23412
:1032F0004A3C1F44FCFF0E4F2E53844EFCFF2F4FC1
:10330000B012B234403C1F44FCFF0E4F2E53844E8B
:10331000FCFF2F4FB012BC33363C1F44FCFF0E4F56
:103320002E53844EFCFF2F4F4F4FB01210362B3CC4
:103330001F44FCFF0E4F2E53844EFCFF2F4FB01244
:10334000A2330343203C1F4402001F54FAFF6F4F77
:10335000B0121036183C1F4402001F54FAFF6F4F82
:103360007F900A0009207F400D00B01210367F4088
:103370000A00B0121036073C1F4402001F54FAFF27
:103380006F4FB01210369453FAFF1F4402001F54BF
:10339000FAFF6F4F4F938223013C03432152344184
:1033A00030410412044124532183844FFCFF1F4405
:1033B000FCFFB0123636215334413041041204412F
:1033C00024533150ECFF844FFCFF8493FCFF062014
:1033D000F4403000F1FFC443F2FF623C8443EAFF53
:1033E0001E3C1F44FCFF3E400A00B01298364F4F6F
:1033F0004E4F7E5030000F443F50F1FF1F54EAFF04
:10340000CF4E00001F44FCFF3E400A00B0127E3643
:10341000844FFCFF8493FCFF07249453EAFFB4908D
:103420000A00EAFFDE2B013C03431F44EAFF1F535F
:103430000E443E50F1FF0F5ECF4300009444EAFF7C
:10344000ECFF1F44ECFF1F535F03844FEEFF8443E8
:10345000EAFF223C0F443F50F1FF1F54EAFF6F4F39
:10346000C44FF0FF0F443F50F1FF1F54ECFF6E4F6D
:103470000F443F50F1FF1F54EAFFCF4E00005E445F
:10348000F0FF0F443F50F1FF1F54ECFFCF4E000000
:10349000B453ECFF9453EAFF9494EEFFEAFFDA2B67
:1034A0000F443F50F1FFB012A233315014003441A9
:1034B00030410412044124532183844FFCFF849340
:1034C000FCFF0B347F402D00B01210361F44FCFF70
:1034D0003FE31F53B012BC33043C1F44FCFFB01247
:1034E000BC33215334413041041204412453B240CF
:1034F000805A20015F4222007FD04000C24F22004C
:103500005F4226007FD04000C24F26001F4260016C
:103510002FD3824F60011F4260013FD01002824FC3
:103520006001B2401027720182437401B240600012
:103530006401344130413F150412044134500A0003
:103540001F422E012F9318243F900A0016201F427D
:1035500074013F500A003F901C250228924300113D
:103560001F4274013F50F6FF3F906500022C8243DA
:103570000011B0129835013C034334413C1700134D
:103580003F150412044134500A003F400300B012BA
:10359000523234413C1700130412044124531F4299
:1035A00000110F9307201F4274013F500A00824F01
:1035B0007401063C1F4274013F50F6FF824F7401B4
:1035C00034413041041204412453F240C0FF1B0037
:1035D000D243D1005F42D1007FD04000C24FD10022
:1035E0005F42D0007FD0C8FFC24FD000C243D3009B
:1035F000F2400300D200F2400600D4005F42D10046
:103600007FF0FEFFC24FD100D243D700344130419A
:103610000412044124532183C44FFCFF03435F423F
:1036200007004F4F2FF30F93FA27D244FCFFD70028
:103630002153344130410412044124532183844FE7
:10364000FCFF073C1F44FCFF6F4FB0121036945331
:10365000FCFF1F44FCFF6F4F4F93F4232153344171
:10366000304104120441245303435F4207004F4F8B
:103670001FF30F93FA275F42D600344130417C405C
:1036800010000D4E0E430F5F0E6E0E9D02280E8D24
:103690001FD31C83F8233041B0127E360F4E3041C9
:0236A000001315
:1036A2001A33DE324633463346334633F23246333A
:1036B2004633463346334633463346334633463340
:0636C200303346330633ED
:10FFC0005431543154315431543154315431543109
:10FFD00054315431543154315431543154315431F9
:10FFE00054315431543154315431543154315431E9
:10FFF0003635803554315431543154315431003117
:0400000300003100C8
:00000001FF
