:104000005542200135D0085A8245161131400039F9
:104010003F400E000F9308249242161120012F8377
:104020009F4FA2540011F8233F4008000F9307242C
:104030009242161120011F83CF430E11F923044130
:10404000245321838443FCFFB012B641B012684769
:10405000B0127A401F43B012584430125A53B01273
:10406000FE4421532F43B0126C4232D0180021532A
:1040700032D0F000FD3F3040EA5204120441245394
:10408000B240805A2001B240FDFFA0011F42A001B2
:104090003FD09004824FA0011F42A0013FD060009A
:1040A000824FA001B240E402A2011F42A2013FD20E
:1040B000824FA201F240150080001F42A0013FD0B4
:1040C0000300824FA0019243A601344130410F12F8
:1040D0000E120D120C120412044134500A001D423B
:1040E000A8012D9346243D90060047201D420E1145
:1040F0001D53824D0E111D420E113D900B003438A0
:104100001D42A0013DF0FDFF824DA0011D42400176
:104110000E4D0F43B012944E3C40C58F3D40313E92
:10412000B012E04B0C433D408D43B012904BB012A7
:10413000044E0F4E824F12111F4240010F123012D7
:10414000EC52B012FE4421523F400300B0126C42C8
:104150003012F952B012FE4421531F42A0012FD356
:10416000824FA00182430E111F42A4018243A40189
:10417000053C1F43B0126C42013C034334413C41B7
:104180003D413E413F4100130412044124531F426C
:1041900012113441304104120441245321838443D9
:1041A000FCFF023C9453FCFFB4903075FCFFFA3BDB
:1041B000215334413041041204412453B240805A07
:1041C00020015F4232007FD07000C24F3200F240C7
:1041D00070003100344130410412044124532183E2
:1041E000844FFCFF9493FCFF06205F4231007FF078
:1041F000EFFFC24F3100A493FCFF06205F42310065
:104200007FF0DFFFC24F3100B4900300FCFF0620B7
:104210005F4231007FF0BFFFC24F31002153344174
:1042200030410412044124532183844FFCFF9493B2
:10423000FCFF06205F4231007FD01000C24F3100EA
:10424000A493FCFF06205F4231007FD02000C24FC4
:104250003100B4900300FCFF06205F4231007FD0A4
:104260004000C24F31002153344130410412044117
:1042700024532182844FFCFF9444FCFFFAFF1F4427
:10428000FAFFB01222421F44FAFFB012D841215265
:1042900034413041041204412453F2402000000014
:1042A000344130410412044124533182844FF8FFD9
:1042B000844EFAFF844DFCFF1F44FAFF0F5F0F5F2F
:1042C0000F5F1F54F8FF3F50E8030F5F0F5F0F5F52
:1042D0000F5F0F5F0F5F844FF6FF1412F6FF30126F
:1042E0000853B012FE442152B24000A52C01B24046
:1042F00044A52A01B24040A528011E44FCFF1F44EA
:10430000F6FF8F4E0000B24000A52801B24010A574
:104310002C011412F6FF30122153B012FE44215228
:104320003152344130410412044124533182844FCC
:10433000F8FF844EFAFF844DFCFF1F44FAFF0F5F25
:104340000F5F0F5F1F54F8FF3F50E8030F5F0F5FD1
:104350000F5F0F5F0F5F0F5F844FF6FF383CB24077
:1043600044A52A0103431F422C011FF34F4F4F93D3
:10437000FA23B24000A52C01B24040A528011F44F9
:10438000FCFF6E4F1F44F6FFCF4E00009453F6FF24
:104390009453FCFF1412F6FF30122153B012FE4466
:1043A00021523012000230122F53B012FE4421521B
:1043B000B24000A5280103431F422C011FF34F4FB9
:1043C0004F93FA23B24010A52C01B01296411F441E
:1043D000FCFF6F4F4F93C3233152344130410412DD
:1043E000044124533182844FF8FF844EFAFF844DF8
:1043F000FCFF1F44FAFF0F5F0F5F0F5F1F54F8FFB2
:104400003F50E8030F5F0F5F0F5F0F5F0F5F0F5F9E
:10441000844FF6FF1412F6FF30122153B012FE44FF
:1044200021520B3C1F44F6FF6E4F1F44FCFFCF4E42
:1044300000009453FCFF9453F6FF1F44FCFF6F4FA2
:104440004F93F0231412FCFF30124153B012FE447C
:10445000215231523441304104120441245321820B
:10446000844FFCFFB24044A52A011F44FCFF3F508B
:104470007D004F4F8F100F5F844FFAFF1412FAFF29
:1044800030124753B012FE442152B24000A52C0115
:10449000B24002A528011F44FAFF2F538F430000AA
:1044A00003431F422C011FF34F4F4F93FA23B24097
:1044B00010A52C012152344130410F120E120D1261
:1044C0000C120412044134500A001F422C012FF236
:1044D0000F930F241F43B0126C421F422C013FF078
:1044E000FBFF824F2C015F4200007FD02000C24FB3
:1044F000000034413C413D413E413F410013041224
:104500000441245321828443FAFF0E442E520F4467
:104510002F828F4E0000773C1F4402001F54FAFF89
:104520006F4F7F90250055209453FAFF1F440200DF
:104530001F54FAFF6F4F4F936E241F4402001F5405
:10454000FAFF6F4F4F4F3F509DFF3F901300392CA4
:104550000F5F3F5074532F4F004F1F44FCFF0E4F0F
:104560002E53844EFCFF2F4FB01232474A3C1F445B
:10457000FCFF0E4F2E53844EFCFF2F4FB0123247DC
:10458000403C1F44FCFF0E4F2E53844EFCFF2F4F28
:10459000B0123846363C1F44FCFF0E4F2E53844E5B
:1045A000FCFF2F4F4F4FB012B0472B3C1F44FCFF76
:1045B0000E4F2E53844EFCFF2F4FB0121E46034366
:1045C000203C1F4402001F54FAFF6F4FB012B04747
:1045D000183C1F4402001F54FAFF6F4F7F900A00DF
:1045E00009207F400D00B012B0477F400A00B01292
:1045F000B047073C1F4402001F54FAFF6F4FB01230
:10460000B0479453FAFF1F4402001F54FAFF6F4F44
:104610004F938223013C0343215234413041041221
:10462000044124532183844FFCFF1F44FCFFB0123C
:10463000DA472153344130410412044124533150AC
:10464000ECFF844FFCFF8493FCFF0620F440300015
:10465000F1FFC443F2FF643C8443EAFF1E3C1F4465
:10466000FCFF3E400A00B012AA484F4F4E4F7E500A
:1046700030000F443F50F1FF1F54EAFFCF4E0000BF
:104680001F44FCFF3E400A00B0129048844FFCFFDC
:104690008493FCFF07249453EAFFB4900A00EAFFD6
:1046A000DE2B013C03431F44EAFF1F530E443E50E0
:1046B000F1FF0F5ECF4300009444EAFFECFF1F447C
:1046C000ECFF1F53844FEEFF12C31410EEFF844320
:1046D000EAFF223C0F443F50F1FF1F54EAFF6F4FA7
:1046E000C44FF0FF0F443F50F1FF1F54ECFF6E4FDB
:1046F0000F443F50F1FF1F54EAFFCF4E00005E44CD
:10470000F0FF0F443F50F1FF1F54ECFFCF4E00006D
:10471000B453ECFF9453EAFF9494EEFFEAFFDA2BD4
:104720000F443F50F1FFB0121E4631501400344187
:1047300030410412044124532183844FFCFF8493AD
:10474000FCFF0B347F402D00B012B0471F44FCFF2C
:104750003FE31F53B0123846043C1F44FCFFB01225
:104760003846215334413041041204412453F2406D
:10477000C0FF1B00D2437800F240100079005F4276
:1047800078007FD0F0FFC24F7800C2437D00F24036
:1047900003007C00F2404A007B00F240300005003C
:1047A0005F4278007FF0FEFFC24F78003441304115
:1047B0000412044124532183C44FFCFF03435F428E
:1047C00003004F4F3FF020000F93F9275F44FCFF99
:1047D000C24F7F002153344130410412044124531D
:1047E0002183844FFCFF073C1F44FCFF6F4FB01236
:1047F000B0479453FCFF1F44FCFF6F4F4F93F423CB
:1048000021533441304104120441245303435F4295
:1048100003004F4F3FF010000F93F9275F427E00D7
:10482000344130410F120E120D120C1204120441C9
:1048300034500A001F4210115E4F0011C24E7F001B
:104840001F53824F10111F43B0126C421F421011B0
:104850003F900E0002388243101134413C413D41EB
:104860003E413F4100130F120E120D120C120412A2
:10487000044134500A005F427E00C24F14112F439E
:10488000B0126C4234413C413D413E413F41001336
:104890007C4010000D4E0E430F5F0E6E0E9D0228E1
:1048A0000E8D1FD31C83F8233041B01290480F4E59
:1048B00030410B120A1209120812071206120512D1
:1048C00004123150FAFF084D6B4F6B9367286C4E02
:1048D0006C93E9286B9202203040324B6C92E324B7
:1048E0006C93BB246B93DF24914F020000001B4E9E
:1048F0000200144F0400154F0600164E0400174E18
:1049000006002C410C8B094C0C93BF3839902000C9
:1049100050341C93D73881460200814704004C492B
:104920007CF01F000B240A460B4712C30B100A1021
:104930007C53FB23814A0200814B04001C430D433E
:1049400079F01F0004240C5C0D6D7953FC233C535B
:104950003D630CF60DF71A430B430C9302200D93A5
:10496000E524164102001741040006DA07DB5F4F19
:1049700001005F9E01002820C84F0100A8410200ED
:104980000E460F470E540F65884E0400884F0600F0
:10499000F840030000000F934D380F4831500600D7
:1049A0003441354136413741384139413A413B4143
:1049B00030412B916738814B0000044305435F4F22
:1049C00001005F9E0100D8274F9368240E460F47D1
:1049D0000E840F750F936938C8430100A841020087
:1049E000884E0400884F06000C4E0D4F3C533D632B
:1049F0003D90FF3F05283D900040172C3C93152C1F
:104A00001B4802003B530E5E0F6F0A4B3B530C4E8C
:104A10000D4F3C533D633D90FF3FF52B3C24884EAA
:104A20000400884F0600884A0200F8400300000096
:104A30000F93B3370C4E0D4F1CF30DF312C30F1031
:104A40000E100A4C0B4D0ADE0BDF884A0400884B1F
:104A50000600985302000F48A13F6B939F23AD4F70
:104A600000009D4F020002009D4F040004009D4F76
:104A7000060006005E4E01005EFF0100CD4E010003
:104A80000F4D8C3F064307439A3F39E31953399042
:104A900020008F373E3F3C93B62BC13F0E440F455D
:104AA0000E860F77973F0F4E793FD8430100A841FC
:104AB00002003EE33FE31E530F63884E0400884F1D
:104AC0000600923F0C937B2781590000814402002D
:104AD000814504004D497DF01F000C244B4D0C44D2
:104AE0000D4512C30D100C107B53FB23814C0200AB
:104AF000814D04001C430D4379F01F0004240C5C1D
:104B00000D6D7953FC233C533D630CF40DF51A43B2
:104B10000B430C9304200D9302200A430B431441D2
:104B200002001541040004DA05DB493F0A430B4348
:104B3000183F6C923323DF9E010001002F273F4076
:104B40009A532C3F3150E0FF814E0400814F060004
:104B5000814C0000814D02000E413E5018000F4173
:104B60002F52B012C6510E413E5010000F41B012EC
:104B7000C6510D413D520E413E5010000F413F5075
:104B80001800B012B248B012E84F31502000304146
:104B90003150E0FF814E0400814F0600814C00003F
:104BA000814D02000E413E5018000F412F52B012AD
:104BB000C6510E413E5010000F41B012C651D1E314
:104BC00011000D413D520E413E5010000F413F502B
:104BD0001800B012B248B012E84F315020003041F6
:104BE0000B120A12091208120712061205120412F9
:104BF0003150DCFF814E0400814F0600814C0000E3
:104C0000814D02000E413E5018000F412F52B0124C
:104C1000C6510E413E5010000F41B012C6515F41C7
:104C200018006F93B6285E4110006E93D9286F92DA
:104C3000AE246E92E2246F93AC246E93D12414417F
:104C40001C0015411E0018411400194116003C407B
:104C500020000E430F430643074381432000814356
:104C600022000A430B43814C2000083C0858096984
:104C700012C305100410B1532000192414B30D24DD
:104C80000A580B690E560F671C430D430B990328F6
:104C90000B240C430D430E5C0F6D065607670993FA
:104CA000E53716D307D3E23F0A98F52BF23F814A46
:104CB0002000814B22000C4F1A411A001A51120099
:104CC000064A265381460A005D43D191110019001E
:104CD0008324C14D09000C933C383F900040182CB0
:104CE0001D410A003D531A4120001B4122000C4D7A
:104CF0000E5E0F6F0B932A380A5A0B6B3D533F9091
:104D00000040F52B814A2000814B2200814C0A0093
:104D10000C4E0D4F3CF07F000DF33C9040004424BE
:104D2000814E0C00814F0E00F140030008000F413E
:104D30003F52B012E84F31502400344135413641E2
:104D40003741384139413A413B4130411ED30FD3BD
:104D5000D33F3A500300084A1EB310241C412000E0
:104D60001D41220012C30D100C10064C074D06D336
:104D700037D00080814620008147220012C30F10E7
:104D80000E101A530F93E73B81480A00A63F6E931B
:104D900036245F43D191110019002024C14F19001E
:104DA0000F413F501800C53F0D93BA230C4E0D4FD5
:104DB0003CF080000DF30C93B3230D93B12381934A
:104DC0002000032081932200AB273E5040000F6358
:104DD0003EF080FF3FF3A43F4D437B3F4F43DE3F18
:104DE0005F43D191110019000624C14F11000F41FA
:104DF0003F5010009E3F4F43F83F6F93F1233F40D9
:104E00009A53973F3150F4FF814E0000814F0200CA
:104E10000E412E520F41B012C6515F4104006F93F4
:104E2000282427286F9207241D4106000D9321385E
:104E30003D901F000938C193050026203E433F40A6
:104E4000FF7F31500C0030411E4108001F410A0015
:104E50003C401E004C8D4D4C7DF01F000F20C19337
:104E60000500EF273EE33FE31E530F6331500C0074
:104E700030410E430F4331500C00304112C30F102C
:104E80000E107D53FB23EB3F0E433F40008031501B
:104E90000C0030410B120A120912081231820A4E1C
:104EA0000B4FC14301000E930D200B930B20E143E8
:104EB00000000F41B012E84F3152384139413A41B8
:104EC0003B413041F14003000000B1401E000200B0
:104ED000814A0400814B06000E4A0F4BB012764FF8
:104EE0003F530F931838E527814A0400814B060091
:104EF0004E4F7EF01F0006203E401E000E8F814E5A
:104F00000200D73F915104000400916106000600A1
:104F10007E53F823F13F0E4F3EE31E531C430D43D7
:104F2000484E78F01F0004240C5C0D6D7853FC2370
:104F30003C533D630CFA0DFB184309430C930420CA
:104F40000D930220084309437EF01F000E200D48F8
:104F50000E490DDA0EDB814D0400814E06003E4005
:104F60001E000E8F814E0200A43F12C30B100A10C8
:104F70007E53FB23EC3F0B120A1209121F93172CCE
:104F80003E9000012C283A4018000B4339420C4E49
:104F90000D4F4F494F9317203C50A2536E4C0F4377
:104FA0000A8E0B7F0F4A39413A413B4130413F90D5
:104FB00000010F283A420B43394018000C4E0D4FA8
:104FC0004F494F93E92712C30D100C107F53FB2359
:104FD000E33F3A4010000B4339401000EF3F3A40A6
:104FE00020000B430943EA3F0B120A120912081270
:104FF00007120D4F1E4F04001F4F06005A4D0100AF
:105000006C4D6C9370286C926A246C9336240E93CA
:1050100032241B4D02003B9082FF6D383B90800094
:105020005E340C4E0D4F3CF07F000DF33C90400081
:1050300040243E503F000F630F934A380D4B3D50C4
:105040007F0012C30F100E1012C30F100E1012C3E8
:105050000F100E1012C30F100E1012C30F100E10EF
:1050600012C30F100E1012C30F100E103EF33FF0BC
:105070007F004D4D053C0F93CC234D430E430F4312
:105080004D4D0D5D0D5D0D5D0D5D0D5D0D5D0D5DA0
:105090000C4F3CF07F000CDD4F4A0F110F430F10F7
:1050A0000D4C0DDF0F4D3741384139413A413B41FD
:1050B00030410D93BE230C4E0D4F3CF080000DF39C
:1050C0000C9302200D93B8273E5040000F63B43F6D
:1050D00012C30F100E100D4B3D508000B23F7D43A8
:1050E0000E430F43CD3F0ED33FD010003EF33FF0B1
:1050F0007F007D43C53F374082FF078B37901A0002
:105100004F340C4E0D4F4B477BF01F00052412C34C
:105110000D100C107B53FB231843094377F01F003D
:105120000424085809697753FC233853396308FE6F
:1051300009FF1E430F4308930420099302200E43E6
:105140000F43084E094F08DC09DD0E480F493EF0B9
:105150007F000FF33E904000262438503F00096343
:105160000E480F4912C30F100E1012C30F100E106D
:1051700012C30F100E1012C30F100E1012C30F1017
:105180000E1012C30F100E1012C30F100E103EF3AC
:105190003FF07F005D4339900040722F4D43703FD8
:1051A00008430943DA3F0F93D8230E480F493EF0D6
:1051B00080000FF30E930424385040000963D03F61
:1051C0000F93CE27F93F0B120A122A4F5B4F0200B2
:1051D0003BF07F001D4F020012C30D1012C30D10D3
:1051E00012C30D1012C30D1012C30D1012C30D10F7
:1051F00012C30D104D4D5F4F03003FB080000F43B1
:105200000F6FCE4F01000D932D200A935124BE4005
:1052100082FF02000C4A0D4B0C5C0D6D0C5C0D6D99
:105220000C5C0D6D0C5C0D6D0C5C0D6D0C5C0D6DF6
:105230000C5C0D6DFE40030000003D9000400B2C07
:105240003F4081FF0C5C0D6D0A4F3F533D90004085
:10525000F92B8E4A02008E4C04008E4D06003A4116
:105260003B4130413D90FF002A243D5081FF8E4D4F
:105270000200FE40030000000C4A0D4B0C5C0D6D5B
:105280000C5C0D6D0C5C0D6D0C5C0D6D0C5C0D6D96
:105290000C5C0D6D0C5C0D6D0A4C0B4D0AD33BD0B4
:1052A00000408E4A04008E4B06003A413B4130419B
:1052B0000B93AD23EE4300003A413B4130410A934A
:1052C0000C240C4A0D4B0CF33DF010000C93022003
:1052D0000D930824DE430000E43F0B93F223EE42DB
:0C52E0000000E33FCE430000DC3F001361
:1052EC0074656D70206973202569200A00616674ED
:1052FC00657220746F67676C65200A00200A20773E
:10530C0072697465206164647265737320697320BB
:10531C002569200A00206368617220697320256961
:10532C00200A00207365672073697A6520697320F1
:10533C002569200A00202573200A0072656164200B
:10534C0061646472657373206973202569007368E6
:10535C006F756C642061626F757420637261736821
:10536C00206E6F77200A000096455A45C245C2450B
:10537C00C245C2456E45C245C245C245C245C2453D
:10538C00C245C245C245C245AC45C2458245000036
:10539C0000000000000000010202030303030404E8
:1053AC0004040404040405050505050505050505A7
:1053BC000505050505050606060606060606060687
:1053CC000606060606060606060606060606060671
:1053DC000606060606060707070707070707070757
:1053EC000707070707070707070707070707070741
:1053FC000707070707070707070707070707070731
:10540C000707070707070707070707070707070720
:10541C000707070707070808080808080808080806
:10542C0008080808080808080808080808080808F0
:10543C0008080808080808080808080808080808E0
:10544C0008080808080808080808080808080808D0
:10545C0008080808080808080808080808080808C0
:10546C0008080808080808080808080808080808B0
:10547C0008080808080808080808080808080808A0
:10548C000808080808080808080808080808080890
:06549C00080808080808DA
:0E54A2004849204920616D20626972756B00D7
:10FFE0007640764024486648764076407640CE405B
:10FFF000764076407640764076407640BA4400407F
:0400000300004000B9
:00000001FF
