:104000005542200135D0085A8245521131400039BD
:104010003F400E000F9308249242521120012F833B
:104020009F4F764A0011F8233F4044000F93072426
:104030009242521120011F83CF430E11F9230441F4
:1040400024532183B0122648B012CE41B012D04082
:1040500030125E49B012BC45215330127949B0127A
:10406000BC452153B012CA48C44FFCFF5F44FCFF5B
:10407000B01274485F44FCFF3F90650019243F90E4
:10408000660004343F9064001C24153C3F9072008D
:1040900004243F90770009240E3CB01238443012BB
:1040A000AC49B012BC4521530D3CB012A2440A3CAD
:1040B000B0127E45073C3012AE49B012BC452153C8
:1040C000013C0343C53F32D0F000FD3F30400A4978
:1040D00004120441245321838443FCFF023C945383
:1040E000FCFFB490E803FCFFFA3B2153344130411C
:1040F000041204412453B240805A20015F4232002E
:104100007FD07000C24F3200F24070003100344165
:1041100030410412044124532183844FFCFF9493C3
:10412000FCFF06205F4231007FF0EFFFC24F3100FD
:10413000A493FCFF06205F4231007FF0DFFFC24FF7
:104140003100B4900300FCFF06205F4231007FF095
:10415000BFFFC24F310021533441304104120441AA
:1041600024532183844FFCFF9493FCFF06205F427D
:1041700031007FD01000C24F3100A493FCFF062015
:104180005F4231007FD02000C24F3100B490030065
:10419000FCFF06205F4231007FD04000C24F31005B
:1041A0002153344130410412044124532182844F6D
:1041B000FCFF9444FCFFFAFF1F44FAFFB0125C417D
:1041C0001F44FAFFB012124121523441304104120F
:1041D00004412453F24020000000344130410412D5
:1041E000044124533182844FF8FF844EFAFF844DFA
:1041F000FCFF1F44FAFF0F5F0F5F0F5F1F54F8FFB4
:104200003F50E8030F5F0F5F0F5F0F5F0F5F0F5FA0
:10421000844FF6FF1412F6FF30120C49B012BC4561
:104220002152B24000A52C01B24044A52A01B2405F
:1042300040A528011E44FCFF1F44F6FF8F4E0000DE
:10424000B24000A52801B24010A52C011412F6FFBF
:1042500030122549B012BC4521523152344130410F
:104260000412044124533182844FF8FF844EFAFF34
:10427000844DFCFF1F44FAFF0F5F0F5F0F5F1F5459
:10428000F8FF3F50E8030F5F0F5F0F5F0F5F0F5F97
:104290000F5F844FF6FF383CB24044A52A01034328
:1042A0001F422C011FF34F4F4F93FA23B24000A53A
:1042B0002C01B24040A528011F44FCFF6E4F1F4453
:1042C000F6FFCF4E00009453F6FF9453FCFF1412F8
:1042D000F6FF30122549B012BC45215230120002BF
:1042E00030123349B012BC452152B24000A528011A
:1042F00003431F422C011FF34F4F4F93FA23B24049
:1043000010A52C01B012D0401F44FCFF6F4F4F93FB
:10431000C3233152344130410412044124533182C9
:10432000844FF8FF844EFAFF844DFCFF1F44FAFFD0
:104330000F5F0F5F0F5F1F54F8FF3F50E8030F5FE1
:104340000F5F0F5F0F5F0F5F0F5F844FF6FF141259
:10435000F6FF30122549B012BC4521520B3C1F44D8
:10436000F6FF6E4F1F44FCFFCF4E00009453FCFF3E
:104370009453F6FF1F44FCFF6F4F4F93F02314122A
:10438000FCFF30124549B012BC4521523152344134
:1043900030410412044124532182844FFCFFB24077
:1043A00044A52A011F44FCFF3F507D004F4F8F1052
:1043B0000F5F844FFAFF1412FAFF30124B49B0120C
:1043C000BC452152B24000A52C01B24002A52801F3
:1043D0001F44FAFF2F538F43000003431F422C0159
:1043E0001FF34F4F4F93FA23B24010A52C012152D7
:1043F000344130410F120E120D120C1204120441FE
:1044000034500A001F422C012FF20F930F241F4338
:10441000B012A6411F422C013FF0FBFF824F2C013E
:104420005F4200007FD02000C24F000034413C4179
:104430003D413E413F410013041204412453218376
:104440003012D349B012BC452153B012CA48C44FF0
:10445000FCFF5F44FCFFB01274483012EE49B0120A
:10446000BC452153B012CA48C44FFDFF5F44FDFF55
:10447000B01274485F44FDFF0E4F3E50D0FF5F44C2
:10448000FCFF3F50D0FF3D401011B01218433012D6
:1044900010113012074AB012BC4521522153344149
:1044A000304104120441245321828443FAFF301224
:1044B0000C4AB012BC452153B012CA484E4F1F449B
:1044C000FAFF3F501011CF4E00001F44FAFF3F503B
:1044D00010116F4F7F900D001220B4904000FAFF32
:1044E0002134083C1F44FAFF3F501011CF43000015
:1044F0009453FAFFB4904000FAFFF43B133C1F447E
:10450000FAFF3F5010116F4F4F4F0F123012204AD9
:10451000B012BC4521529453FAFFB4904000FAFF08
:10452000CB3B013C03433012234AB012BC4521531C
:10453000B012CA48C44FFCFF5F44FCFFB01274487D
:104540003012EE49B012BC452153B012CA48C44FD4
:10455000FDFF5F44FDFFB01274485F44FDFF8F1103
:104560000E4F3E50D0FF5F44FCFF8F113F50D0FFF5
:104570003D401011B01260422152344130410412CA
:104580000441245321833012EE49B012BC4521531B
:10459000B012CA48C44FFCFF5F44FCFFB01274481D
:1045A0005F44FCFF3F50D0FFB012924330123E4AAE
:1045B000B012BC452153215334413041041204410F
:1045C000245321828443FAFF0E442E520F442F823B
:1045D0008F4E0000773C1F4402001F54FAFF6F4FBC
:1045E0007F90250055209453FAFF1F4402001F546A
:1045F000FAFF6F4F4F936E241F4402001F54FAFFBF
:104600006F4F4F4F3F509DFF3F901300392C0F5F6E
:104610003F50504A2F4F004F1F44FCFF0E4F2E5368
:10462000844EFCFF2F4FB012F0474A3C1F44FCFF62
:104630000E4F2E53844EFCFF2F4FB012F047403CDC
:104640001F44FCFF0E4F2E53844EFCFF2F4FB01221
:10465000F646363C1F44FCFF0E4F2E53844EFCFFA3
:104660002F4F4F4FB01274482B3C1F44FCFF0E4F8E
:104670002E53844EFCFF2F4FB012DC460343203CE8
:104680001F4402001F54FAFF6F4FB0127448183CC9
:104690001F4402001F54FAFF6F4F7F900A00092049
:1046A0007F400D00B01274487F400A00B012744879
:1046B000073C1F4402001F54FAFF6F4FB0127448AA
:1046C0009453FAFF1F4402001F54FAFF6F4F4F9399
:1046D0008223013C034321523441304104120441FE
:1046E00024532183844FFCFF1F44FCFFB0129E48DB
:1046F0002153344130410412044124533150ECFF22
:10470000844FFCFF8493FCFF0620F4403000F1FF4F
:10471000C443F2FF643C8443EAFF1E3C1F44FCFF99
:104720003E400A00B01202494F4F4E4F7E503000BB
:104730000F443F50F1FF1F54EAFFCF4E00001F44CB
:10474000FCFF3E400A00B012E848844FFCFF84930F
:10475000FCFF07249453EAFFB4900A00EAFFDE2B23
:10476000013C03431F44EAFF1F530E443E50F1FF38
:104770000F5ECF4300009444EAFFECFF1F44ECFFC0
:104780001F53844FEEFF12C31410EEFF8443EAFF61
:10479000223C0F443F50F1FF1F54EAFF6F4FC44FBC
:1047A000F0FF0F443F50F1FF1F54ECFF6E4F0F44DA
:1047B0003F50F1FF1F54EAFFCF4E00005E44F0FF70
:1047C0000F443F50F1FF1F54ECFFCF4E0000B45395
:1047D000ECFF9453EAFF9494EEFFEAFFDA2B0F44C8
:1047E0003F50F1FFB012DC463150140034413041EB
:1047F0000412044124532183844FFCFF8493FCFF63
:104800000B347F402D00B01274481F44FCFF3FE37F
:104810001F53B012F646043C1F44FCFFB012F6468C
:10482000215334413041041204412453B240805A90
:104830002001F240C0FF1B00D2437800F24010007C
:1048400079005F4278007FD0F0FFC24F7800C2430A
:104850007D00F24003007C00F2404A007B00F24001
:10486000300005005F4278007FF0FEFFC24F780005
:10487000344130410412044124532183C44FFCFFCE
:1048800003435F4203004F4F3FF020000F93F9278F
:104890005F44FCFFC24F7F0021533441304104127A
:1048A000044124532183844FFCFF073C1F44FCFF39
:1048B0006F4FB01274489453FCFF1F44FCFF6F4FBE
:1048C0004F93F423215334413041041204412453C3
:1048D00003435F4203004F4F3FF010000F93F9274F
:1048E0005F427E00344130417C4010000D4E0E434B
:1048F0000F5F0E6E0E9D02280E8D1FD31C83F823B2
:0C4900003041B012E8480F4E3041001367
:10490C00200A207772697465206164647265737320
:10491C00206973202569200A002063686172206970
:10492C0073202569200A00207365672073697A65F6
:10493C00206973202569200A00202573200A007243
:10494C0065616420616464726573732069732025EA
:10495C006900200A2057656C636F6D6520666C6179
:10496C00736820636F6E736F6C65200A0020507241
:10497C00657373205220666F7220726561642061CA
:10498C006E64205720666F7220777269746520619F
:10499C006E64204520746F206572617365200A0077
:1049AC000A00200A20506C6561736520656E746581
:1049BC00722074686520636F7272656374206F7007
:1049CC0074696F6E200A00200A456E74657220743B
:1049DC00686520626C6F636B206E756D626572200A
:1049EC000A000A20456E7465722074686520736530
:1049FC0067206E756D626572200A00200A257300AF
:104A0C00200A20456E746572207468652074657880
:104A1C0074200A002563000A20456E7465722074A8
:104A2C00686520626C6F636B206E756D62657220B9
:104A3C000A00200A20466C61736820457261736518
:104A4C0064200A00544618468046804680468046BC
:104A5C002C4680468046804680468046804680466E
:0A4A6C00804680466A4680464046B8
:0E4A76004849204920616D20626972756B000D
:10FFE000CC40CC40CC40CC40CC40CC40CC40CC40B1
:10FFF000CC40CC40CC40CC40CC40CC40F443004042
:0400000300004000B9
:00000001FF
