:104000005542200135D0085A824506113140003909
:104010003F4000000F9308249242061120012F8395
:104020009F4F5C420011F8233F4006000F93072486
:104030009242061120011F83CF430011F92304414E
:104040002453B0127A40B012604132D0D800FF3F02
:1040500032D0F000FD3F30405A4204120441245354
:1040600021838443FCFF023C9453FCFFB4903075E1
:10407000FCFFFA3B215334413041041204412453E4
:10408000B240805A20015F4232007FD07000C24FA0
:104090003200F240700031003441304104120441DA
:1040A00024532183844FFCFF9493FCFF06205F423E
:1040B00031007FF0EFFFC24F3100A493FCFF0620D8
:1040C0005F4231007FF0DFFFC24F3100B490030048
:1040D000FCFF06205F4231007FF0BFFFC24F31007E
:1040E0002153344130410412044124532183844F2D
:1040F000FCFF9493FCFF06205F4231007FD010004C
:10410000C24F3100A493FCFF06205F4231007FD0F4
:104110002000C24F3100B4900300FCFF06205F4234
:1041200031007FD04000C24F310021533441304133
:104130000412044124532182844FFCFF9444FCFF69
:10414000FAFF1F44FAFFB012E640B0125A401F4473
:10415000FAFFB0129C40B0125A4021523441304113
:104160000412044124531F4260012FD3824F600187
:10417000B240E0AB74011F4264013FD01000824F97
:104180006401B240F05572011F4262013FD010003D
:10419000824F62011F4260012FD3824F60011F4294
:1041A00060013FD02001824F6001344130410F1245
:1041B0000E120D120C120412044134500A001F4258
:1041C0002E012F9313243F900A0020201F4200113C
:1041D0001F9306201F43B0129C4082430011163CDF
:1041E0001F43B012E64092430011103C1F420411DD
:1041F0001F9306202F43B0129C4082430411053CBC
:104200002F43B012E64092430411034334413C4132
:104210003D413E413F4100130F120E120D120C1290
:104220000412044134500A001F4202111F93072058
:104230003F400300B0129C4082430211063C3F40C5
:104240000300B012E6409243021132D0D80034414C
:0C4250003C413D413E413F410013001342
:10FFE00056405640564056405640AE411842564044
:10FFF00056405640564056405640564056400040A7
:0400000300004000B9
:00000001FF
