:104000005542200135D0085A82450411314000390B
:104010003F4000000F9308249242041120012F8397
:104020009F4FD4410011F8233F4004000F93072411
:104030009242041120011F83CF430011F923044150
:104040002453B0127A40B012604132D0D800FF3F02
:1040500032D0F000FD3F3040D241041204412453DD
:1040600021838443FCFF023C9453FCFFB4903075E1
:10407000FCFFFA3B215334413041041204412453E4
:10408000B240805A20015F4232007FD07000C24FA0
:104090003200F240700031003441304104120441DA
:1040A00024532183844FFCFF9493FCFF06205F423E
:1040B00031007FF0EFFFC24F3100A493FCFF0620D8
:1040C0005F4231007FF0DFFFC24F3100B490030048
:1040D000FCFF06205F4231007FF0BFFFC24F31007E
:1040E0002153344130410412044124532183844F2D
:1040F000FCFF9493FCFF06205F4231007FD010004C
:10410000C24F3100A493FCFF06205F4231007FD0F4
:104110002000C24F3100B4900300FCFF06205F4234
:1041200031007FD04000C24F310021533441304133
:104130000412044124532182844FFCFF9444FCFF69
:10414000FAFF1F44FAFFB012E640B0125A401F4473
:10415000FAFFB0129C40B0125A4021523441304113
:104160000412044124535F422C007FD080FFC24FD1
:104170002C005F422D007FD080FFC24F2D003441C4
:1041800030410F120E120D120C1204120441345061
:104190000A001F4200111F53824F00111FF34F4F9F
:1041A0004F9305243F400300B0129C40043C3F4025
:1041B0000300B012E6405F422B007FF07F00C24F49
:1041C0002B0032D0D80034413C413D413E413F417B
:0441D00000130013C5
:10FFE0005640824156405640564056405640564034
:10FFF00056405640564056405640564056400040A7
:0400000300004000B9
:00000001FF
