:104000005542200135D0085A82450411314000390B
:104010003F4002000F9308249242041120012F8395
:104020009F4F1A420011F8233F4002000F930724CC
:104030009242041120011F83CF430211F92304414E
:104040002453B240805A2001B2406EFF72011F42D9
:1040500062013FD01000824F62011F4260012FD3E6
:10406000824F60011F4260013FD02001824F6001FA
:10407000B012AA401F43B012CC4032D0D800FF3F4C
:1040800032D0F000FD3F3040184204120441245366
:1040900021838443FCFF023C9453FCFFB4903075B1
:1040A000FCFFFA3B215334413041041204412453B4
:1040B000B240805A20015F4232007FD07000C24F70
:1040C0003200F240700031003441304104120441AA
:1040D00024532183844FFCFF9493FCFF06205F420E
:1040E00031007FF0EFFFC24F3100A493FCFF0620A8
:1040F0005F4231007FF0DFFFC24F3100B490030018
:10410000FCFF06205F4231007FF0BFFFC24F31004D
:104110002153344130410412044124532183844FFC
:10412000FCFF9493FCFF06205F4231007FD010001B
:10413000C24F3100A493FCFF06205F4231007FD0C4
:104140002000C24F3100B4900300FCFF06205F4204
:1041500031007FD04000C24F310021533441304103
:104160000412044124532182844FFCFF9444FCFF39
:10417000FAFF1F44FAFFB0121641B0128A401F44E2
:10418000FAFFB012CC40B0128A4021523441304183
:104190000F120E120D120C120412044134500A00B8
:1041A0001F4200111F9307203F400300B012CC4074
:1041B00082430011063C3F400300B0121641924377
:1041C00000111F422E0132D0D80034413C413D4104
:1041D0003E413F4100130F120E120D120C12041239
:1041E000044134500A001F4200111F9307203F4032
:1041F0000300B012CC4082430011063C3F40030054
:10420000B01216419243001132D0D80034413C41E3
:0A4210003D413E413F410013001301
:02421A000100A1
:10FFE000864086408640864086409041D641864085
:10FFF0008640864086408640864086408640004057
:0400000300004000B9
:00000001FF
